2026-03-07 21:57:35.612 | INFO     | src.pipeline:run:31 - === Pipeline 'sales_pipeline' v1.0 starting ===
2026-03-07 21:57:35.613 | INFO     | src.pipeline:run:35 - --- EXTRACT ---
2026-03-07 21:57:35.613 | INFO     | src.extract.extractor:_read_csv:19 - Extracting: data/raw\orders.csv
2026-03-07 21:57:35.616 | INFO     | src.extract.extractor:_read_csv:27 -   -> 30 rows loaded from orders.csv
2026-03-07 21:57:35.616 | INFO     | src.extract.extractor:_read_csv:19 - Extracting: data/raw\customers.csv
2026-03-07 21:57:35.618 | INFO     | src.extract.extractor:_read_csv:27 -   -> 12 rows loaded from customers.csv
2026-03-07 21:57:35.619 | INFO     | src.extract.extractor:_read_csv:19 - Extracting: data/raw\products.csv
2026-03-07 21:57:35.621 | INFO     | src.extract.extractor:_read_csv:27 -   -> 12 rows loaded from products.csv
2026-03-07 21:57:35.622 | INFO     | src.pipeline:run:39 - --- TRANSFORM ---
2026-03-07 21:57:35.622 | INFO     | src.transform.transformer:_clean_orders:48 - Cleaning orders …
2026-03-07 21:57:35.623 | INFO     | src.transform.transformer:_clean_orders:55 -   Dropped 0 duplicate order rows
2026-03-07 21:57:35.624 | WARNING  | src.transform.transformer:_clean_orders:61 -   Filled 1 missing quantity values with 1
2026-03-07 21:57:35.629 | INFO     | src.transform.transformer:_clean_customers:83 - Cleaning customers …
2026-03-07 21:57:35.631 | INFO     | src.transform.transformer:_clean_products:93 - Cleaning products …
2026-03-07 21:57:35.633 | INFO     | src.transform.transformer:_join:107 - Joining orders → customers → products …
2026-03-07 21:57:35.639 | INFO     | src.transform.transformer:_compute_financials:123 - Computing financial metrics …
2026-03-07 21:57:35.641 | INFO     | src.transform.transformer:_build_summary:134 - Building sales summary …
2026-03-07 21:57:35.649 | INFO     | src.transform.transformer:transform:37 - Transformation complete — 30 enriched orders
2026-03-07 21:57:35.649 | INFO     | src.pipeline:run:43 - --- LOAD ---
2026-03-07 21:57:35.666 | INFO     | src.load.loader:_write_file:47 -   Written 30 rows -> data/processed\orders_enriched.parquet
2026-03-07 21:57:35.721 | INFO     | src.load.loader:_write_db:58 -   Loaded table 'orders_enriched' into SQLite (data/output/sales.db)
2026-03-07 21:57:35.726 | INFO     | src.load.loader:_write_file:47 -   Written 8 rows -> data/processed\sales_summary.parquet
2026-03-07 21:57:35.739 | INFO     | src.load.loader:_write_db:58 -   Loaded table 'sales_summary' into SQLite (data/output/sales.db)
2026-03-07 21:57:35.739 | INFO     | src.load.loader:load:29 - Load phase complete.
2026-03-07 21:57:35.740 | SUCCESS  | src.pipeline:run:47 - === Pipeline finished in 0.13s ===
2026-03-07 21:57:35.740 | INFO     | __main__:main:51 - 
--- Preview: orders_enriched (30 rows) ---
2026-03-07 21:57:35.743 | INFO     | __main__:main:51 - 
--- Preview: sales_summary (8 rows) ---
