[2026-03-10T17:05:10.972+0000] {manager.py:470} INFO - Processing files using up to 2 processes at a time 
[2026-03-10T17:05:10.974+0000] {manager.py:471} INFO - Process each file at most once every 30 seconds
[2026-03-10T17:05:10.975+0000] {manager.py:472} INFO - Checking for new files in /opt/airflow/dags every 300 seconds
[2026-03-10T17:05:10.976+0000] {manager.py:737} INFO - Searching for files in /opt/airflow/dags
[2026-03-10T17:05:10.999+0000] {manager.py:740} INFO - There are 1 files in /opt/airflow/dags
[2026-03-10T17:05:11.143+0000] {manager.py:1016} ERROR - Processor for /opt/airflow/dags/sales_pipeline_dag.py exited with return code 1.
[2026-03-10T17:05:11.147+0000] {manager.py:878} INFO - 
================================================================================
DAG File Processing Stats

File Path                                PID    Runtime      # DAGs    # Errors  Last Runtime    Last Run
---------------------------------------  -----  ---------  --------  ----------  --------------  -------------------
/opt/airflow/dags/sales_pipeline_dag.py                           0          -1  0.05s           2026-03-10T17:05:11
================================================================================
[2026-03-10T17:05:41.288+0000] {manager.py:878} INFO - 
================================================================================
DAG File Processing Stats

File Path                                  PID  Runtime      # DAGs    # Errors  Last Runtime    Last Run
---------------------------------------  -----  ---------  --------  ----------  --------------  -------------------
/opt/airflow/dags/sales_pipeline_dag.py    179  0.01s             0          -1  0.05s           2026-03-10T17:05:11
================================================================================
[2026-03-10T17:05:41.308+0000] {manager.py:1016} ERROR - Processor for /opt/airflow/dags/sales_pipeline_dag.py exited with return code 1.
[2026-03-10T17:06:11.495+0000] {manager.py:878} INFO - 
================================================================================
DAG File Processing Stats

File Path                                  PID  Runtime      # DAGs    # Errors  Last Runtime    Last Run
---------------------------------------  -----  ---------  --------  ----------  --------------  -------------------
/opt/airflow/dags/sales_pipeline_dag.py    190  0.00s             0          -1  0.03s           2026-03-10T17:05:41
================================================================================
[2026-03-10T17:06:11.517+0000] {manager.py:1016} ERROR - Processor for /opt/airflow/dags/sales_pipeline_dag.py exited with return code 1.
[2026-03-10T17:06:41.690+0000] {manager.py:878} INFO - 
================================================================================
DAG File Processing Stats

File Path                                  PID  Runtime      # DAGs    # Errors  Last Runtime    Last Run
---------------------------------------  -----  ---------  --------  ----------  --------------  -------------------
/opt/airflow/dags/sales_pipeline_dag.py    201  0.00s             0          -1  0.03s           2026-03-10T17:06:11
================================================================================
[2026-03-10T17:06:41.709+0000] {manager.py:1016} ERROR - Processor for /opt/airflow/dags/sales_pipeline_dag.py exited with return code 1.
[2026-03-10T17:07:12.085+0000] {manager.py:878} INFO - 
================================================================================
DAG File Processing Stats

File Path                                  PID  Runtime      # DAGs    # Errors  Last Runtime    Last Run
---------------------------------------  -----  ---------  --------  ----------  --------------  -------------------
/opt/airflow/dags/sales_pipeline_dag.py    212  0.01s             0          -1  0.02s           2026-03-10T17:06:41
================================================================================
[2026-03-10T17:07:12.105+0000] {manager.py:1016} ERROR - Processor for /opt/airflow/dags/sales_pipeline_dag.py exited with return code 1.
[2026-03-10T17:07:42.280+0000] {manager.py:878} INFO - 
================================================================================
DAG File Processing Stats

File Path                                  PID  Runtime      # DAGs    # Errors  Last Runtime    Last Run
---------------------------------------  -----  ---------  --------  ----------  --------------  -------------------
/opt/airflow/dags/sales_pipeline_dag.py    223  0.00s             0          -1  0.03s           2026-03-10T17:07:12
================================================================================
[2026-03-10T17:07:42.300+0000] {manager.py:1016} ERROR - Processor for /opt/airflow/dags/sales_pipeline_dag.py exited with return code 1.
[2026-03-10T17:08:12.484+0000] {manager.py:878} INFO - 
================================================================================
DAG File Processing Stats

File Path                                  PID  Runtime      # DAGs    # Errors  Last Runtime    Last Run
---------------------------------------  -----  ---------  --------  ----------  --------------  -------------------
/opt/airflow/dags/sales_pipeline_dag.py    234  0.01s             0          -1  0.03s           2026-03-10T17:07:42
================================================================================
[2026-03-10T17:08:12.507+0000] {manager.py:1016} ERROR - Processor for /opt/airflow/dags/sales_pipeline_dag.py exited with return code 1.
[2026-03-10T17:08:42.689+0000] {manager.py:878} INFO - 
================================================================================
DAG File Processing Stats

File Path                                  PID  Runtime      # DAGs    # Errors  Last Runtime    Last Run
---------------------------------------  -----  ---------  --------  ----------  --------------  -------------------
/opt/airflow/dags/sales_pipeline_dag.py    239  0.01s             0          -1  0.03s           2026-03-10T17:08:12
================================================================================
[2026-03-10T17:08:42.710+0000] {manager.py:1016} ERROR - Processor for /opt/airflow/dags/sales_pipeline_dag.py exited with return code 1.
[2026-03-10T17:09:12.897+0000] {manager.py:878} INFO - 
================================================================================
DAG File Processing Stats

File Path                                  PID  Runtime      # DAGs    # Errors  Last Runtime    Last Run
---------------------------------------  -----  ---------  --------  ----------  --------------  -------------------
/opt/airflow/dags/sales_pipeline_dag.py    253  0.00s             0          -1  0.03s           2026-03-10T17:08:42
================================================================================
[2026-03-10T17:09:12.919+0000] {manager.py:1016} ERROR - Processor for /opt/airflow/dags/sales_pipeline_dag.py exited with return code 1.
[2026-03-10T17:09:43.106+0000] {manager.py:878} INFO - 
================================================================================
DAG File Processing Stats

File Path                                  PID  Runtime      # DAGs    # Errors  Last Runtime    Last Run
---------------------------------------  -----  ---------  --------  ----------  --------------  -------------------
/opt/airflow/dags/sales_pipeline_dag.py    264  0.00s             0          -1  0.03s           2026-03-10T17:09:12
================================================================================
[2026-03-10T17:09:43.130+0000] {manager.py:1016} ERROR - Processor for /opt/airflow/dags/sales_pipeline_dag.py exited with return code 1.
[2026-03-10T17:10:11.283+0000] {manager.py:737} INFO - Searching for files in /opt/airflow/dags
[2026-03-10T17:10:11.307+0000] {manager.py:740} INFO - There are 1 files in /opt/airflow/dags
[2026-03-10T17:10:13.360+0000] {manager.py:878} INFO - 
================================================================================
DAG File Processing Stats

File Path                                  PID  Runtime      # DAGs    # Errors  Last Runtime    Last Run
---------------------------------------  -----  ---------  --------  ----------  --------------  -------------------
/opt/airflow/dags/sales_pipeline_dag.py    275  0.01s             0          -1  0.03s           2026-03-10T17:09:43
================================================================================
[2026-03-10T17:10:13.381+0000] {manager.py:1016} ERROR - Processor for /opt/airflow/dags/sales_pipeline_dag.py exited with return code 1.
[2026-03-10T17:10:43.579+0000] {manager.py:878} INFO - 
================================================================================
DAG File Processing Stats

File Path                                  PID  Runtime      # DAGs    # Errors  Last Runtime    Last Run
---------------------------------------  -----  ---------  --------  ----------  --------------  -------------------
/opt/airflow/dags/sales_pipeline_dag.py    286  0.01s             0          -1  0.03s           2026-03-10T17:10:13
================================================================================
[2026-03-10T17:10:43.599+0000] {manager.py:1016} ERROR - Processor for /opt/airflow/dags/sales_pipeline_dag.py exited with return code 1.
[2026-03-10T17:11:13.783+0000] {manager.py:878} INFO - 
================================================================================
DAG File Processing Stats

File Path                                  PID  Runtime      # DAGs    # Errors  Last Runtime    Last Run
---------------------------------------  -----  ---------  --------  ----------  --------------  -------------------
/opt/airflow/dags/sales_pipeline_dag.py    297  0.00s             0          -1  0.03s           2026-03-10T17:10:43
================================================================================
[2026-03-10T17:11:13.803+0000] {manager.py:1016} ERROR - Processor for /opt/airflow/dags/sales_pipeline_dag.py exited with return code 1.
[2026-03-10T17:11:43.982+0000] {manager.py:878} INFO - 
================================================================================
DAG File Processing Stats

File Path                                  PID  Runtime      # DAGs    # Errors  Last Runtime    Last Run
---------------------------------------  -----  ---------  --------  ----------  --------------  -------------------
/opt/airflow/dags/sales_pipeline_dag.py    308  0.00s             0          -1  0.03s           2026-03-10T17:11:13
================================================================================
[2026-03-10T17:11:44.003+0000] {manager.py:1016} ERROR - Processor for /opt/airflow/dags/sales_pipeline_dag.py exited with return code 1.
[2026-03-10T17:12:14.182+0000] {manager.py:878} INFO - 
================================================================================
DAG File Processing Stats

File Path                                  PID  Runtime      # DAGs    # Errors  Last Runtime    Last Run
---------------------------------------  -----  ---------  --------  ----------  --------------  -------------------
/opt/airflow/dags/sales_pipeline_dag.py    319  0.00s             0          -1  0.03s           2026-03-10T17:11:44
================================================================================
[2026-03-10T17:12:14.205+0000] {manager.py:1016} ERROR - Processor for /opt/airflow/dags/sales_pipeline_dag.py exited with return code 1.
[2026-03-10T17:12:44.390+0000] {manager.py:878} INFO - 
================================================================================
DAG File Processing Stats

File Path                                  PID  Runtime      # DAGs    # Errors  Last Runtime    Last Run
---------------------------------------  -----  ---------  --------  ----------  --------------  -------------------
/opt/airflow/dags/sales_pipeline_dag.py    330  0.00s             0          -1  0.03s           2026-03-10T17:12:14
================================================================================
[2026-03-10T17:12:44.411+0000] {manager.py:1016} ERROR - Processor for /opt/airflow/dags/sales_pipeline_dag.py exited with return code 1.
[2026-03-10T17:13:14.600+0000] {manager.py:878} INFO - 
================================================================================
DAG File Processing Stats

File Path                                  PID  Runtime      # DAGs    # Errors  Last Runtime    Last Run
---------------------------------------  -----  ---------  --------  ----------  --------------  -------------------
/opt/airflow/dags/sales_pipeline_dag.py    344  0.00s             0          -1  0.03s           2026-03-10T17:12:44
================================================================================
[2026-03-10T17:13:14.620+0000] {manager.py:1016} ERROR - Processor for /opt/airflow/dags/sales_pipeline_dag.py exited with return code 1.
[2026-03-10T17:13:44.805+0000] {manager.py:878} INFO - 
================================================================================
DAG File Processing Stats

File Path                                  PID  Runtime      # DAGs    # Errors  Last Runtime    Last Run
---------------------------------------  -----  ---------  --------  ----------  --------------  -------------------
/opt/airflow/dags/sales_pipeline_dag.py    355  0.01s             0          -1  0.03s           2026-03-10T17:13:14
================================================================================
[2026-03-10T17:13:44.838+0000] {manager.py:1016} ERROR - Processor for /opt/airflow/dags/sales_pipeline_dag.py exited with return code 1.
[2026-03-10T17:14:15.031+0000] {manager.py:878} INFO - 
================================================================================
DAG File Processing Stats

File Path                                  PID  Runtime      # DAGs    # Errors  Last Runtime    Last Run
---------------------------------------  -----  ---------  --------  ----------  --------------  -------------------
/opt/airflow/dags/sales_pipeline_dag.py    360  0.01s             0          -1  0.04s           2026-03-10T17:13:44
================================================================================
[2026-03-10T17:14:15.052+0000] {manager.py:1016} ERROR - Processor for /opt/airflow/dags/sales_pipeline_dag.py exited with return code 1.
[2026-03-10T17:14:45.236+0000] {manager.py:878} INFO - 
================================================================================
DAG File Processing Stats

File Path                                  PID  Runtime      # DAGs    # Errors  Last Runtime    Last Run
---------------------------------------  -----  ---------  --------  ----------  --------------  -------------------
/opt/airflow/dags/sales_pipeline_dag.py    371  0.01s             0          -1  0.03s           2026-03-10T17:14:15
================================================================================
[2026-03-10T17:14:45.257+0000] {manager.py:1016} ERROR - Processor for /opt/airflow/dags/sales_pipeline_dag.py exited with return code 1.
[2026-03-10T17:15:11.405+0000] {manager.py:737} INFO - Searching for files in /opt/airflow/dags
[2026-03-10T17:15:11.460+0000] {manager.py:740} INFO - There are 1 files in /opt/airflow/dags
[2026-03-10T17:15:15.536+0000] {manager.py:878} INFO - 
================================================================================
DAG File Processing Stats

File Path                                  PID  Runtime      # DAGs    # Errors  Last Runtime    Last Run
---------------------------------------  -----  ---------  --------  ----------  --------------  -------------------
/opt/airflow/dags/sales_pipeline_dag.py    382  0.01s             0          -1  0.03s           2026-03-10T17:14:45
================================================================================
[2026-03-10T17:15:15.559+0000] {manager.py:1016} ERROR - Processor for /opt/airflow/dags/sales_pipeline_dag.py exited with return code 1.
[2026-03-10T17:15:45.738+0000] {manager.py:878} INFO - 
================================================================================
DAG File Processing Stats

File Path                                  PID  Runtime      # DAGs    # Errors  Last Runtime    Last Run
---------------------------------------  -----  ---------  --------  ----------  --------------  -------------------
/opt/airflow/dags/sales_pipeline_dag.py    393  0.01s             0          -1  0.04s           2026-03-10T17:15:15
================================================================================
[2026-03-10T17:15:45.758+0000] {manager.py:1016} ERROR - Processor for /opt/airflow/dags/sales_pipeline_dag.py exited with return code 1.
[2026-03-10T17:16:15.950+0000] {manager.py:878} INFO - 
================================================================================
DAG File Processing Stats

File Path                                  PID  Runtime      # DAGs    # Errors  Last Runtime    Last Run
---------------------------------------  -----  ---------  --------  ----------  --------------  -------------------
/opt/airflow/dags/sales_pipeline_dag.py    404  0.00s             0          -1  0.03s           2026-03-10T17:15:45
================================================================================
[2026-03-10T17:16:15.973+0000] {manager.py:1016} ERROR - Processor for /opt/airflow/dags/sales_pipeline_dag.py exited with return code 1.
[2026-03-10T17:16:46.164+0000] {manager.py:878} INFO - 
================================================================================
DAG File Processing Stats

File Path                                  PID  Runtime      # DAGs    # Errors  Last Runtime    Last Run
---------------------------------------  -----  ---------  --------  ----------  --------------  -------------------
/opt/airflow/dags/sales_pipeline_dag.py    415  0.01s             0          -1  0.03s           2026-03-10T17:16:15
================================================================================
[2026-03-10T17:16:46.187+0000] {manager.py:1016} ERROR - Processor for /opt/airflow/dags/sales_pipeline_dag.py exited with return code 1.
[2026-03-10T17:17:16.382+0000] {manager.py:878} INFO - 
================================================================================
DAG File Processing Stats

File Path                                  PID  Runtime      # DAGs    # Errors  Last Runtime    Last Run
---------------------------------------  -----  ---------  --------  ----------  --------------  -------------------
/opt/airflow/dags/sales_pipeline_dag.py    426  0.01s             0          -1  0.03s           2026-03-10T17:16:46
================================================================================
[2026-03-10T17:17:16.406+0000] {manager.py:1016} ERROR - Processor for /opt/airflow/dags/sales_pipeline_dag.py exited with return code 1.
[2026-03-10T17:17:46.587+0000] {manager.py:878} INFO - 
================================================================================
DAG File Processing Stats

File Path                                  PID  Runtime      # DAGs    # Errors  Last Runtime    Last Run
---------------------------------------  -----  ---------  --------  ----------  --------------  -------------------
/opt/airflow/dags/sales_pipeline_dag.py    437  0.01s             0          -1  0.03s           2026-03-10T17:17:16
================================================================================
[2026-03-10T17:17:46.608+0000] {manager.py:1016} ERROR - Processor for /opt/airflow/dags/sales_pipeline_dag.py exited with return code 1.
[2026-03-10T17:18:16.792+0000] {manager.py:878} INFO - 
================================================================================
DAG File Processing Stats

File Path                                  PID  Runtime      # DAGs    # Errors  Last Runtime    Last Run
---------------------------------------  -----  ---------  --------  ----------  --------------  -------------------
/opt/airflow/dags/sales_pipeline_dag.py    448  0.00s             0          -1  0.03s           2026-03-10T17:17:46
================================================================================
[2026-03-10T17:18:16.814+0000] {manager.py:1016} ERROR - Processor for /opt/airflow/dags/sales_pipeline_dag.py exited with return code 1.
[2026-03-10T17:18:46.994+0000] {manager.py:878} INFO - 
================================================================================
DAG File Processing Stats

File Path                                  PID  Runtime      # DAGs    # Errors  Last Runtime    Last Run
---------------------------------------  -----  ---------  --------  ----------  --------------  -------------------
/opt/airflow/dags/sales_pipeline_dag.py    459  0.00s             0          -1  0.03s           2026-03-10T17:18:16
================================================================================
[2026-03-10T17:18:47.013+0000] {manager.py:1016} ERROR - Processor for /opt/airflow/dags/sales_pipeline_dag.py exited with return code 1.
[2026-03-10T17:19:17.195+0000] {manager.py:878} INFO - 
================================================================================
DAG File Processing Stats

File Path                                  PID  Runtime      # DAGs    # Errors  Last Runtime    Last Run
---------------------------------------  -----  ---------  --------  ----------  --------------  -------------------
/opt/airflow/dags/sales_pipeline_dag.py    470  0.00s             0          -1  0.02s           2026-03-10T17:18:47
================================================================================
[2026-03-10T17:19:17.228+0000] {manager.py:1016} ERROR - Processor for /opt/airflow/dags/sales_pipeline_dag.py exited with return code 1.
[2026-03-10T17:19:47.402+0000] {manager.py:878} INFO - 
================================================================================
DAG File Processing Stats

File Path                                  PID  Runtime      # DAGs    # Errors  Last Runtime    Last Run
---------------------------------------  -----  ---------  --------  ----------  --------------  -------------------
/opt/airflow/dags/sales_pipeline_dag.py    481  0.01s             0          -1  0.04s           2026-03-10T17:19:17
================================================================================
[2026-03-10T17:19:47.422+0000] {manager.py:1016} ERROR - Processor for /opt/airflow/dags/sales_pipeline_dag.py exited with return code 1.
[2026-03-10T17:20:11.551+0000] {manager.py:737} INFO - Searching for files in /opt/airflow/dags
[2026-03-10T17:20:11.571+0000] {manager.py:740} INFO - There are 1 files in /opt/airflow/dags
[2026-03-10T17:20:17.644+0000] {manager.py:878} INFO - 
================================================================================
DAG File Processing Stats

File Path                                  PID  Runtime      # DAGs    # Errors  Last Runtime    Last Run
---------------------------------------  -----  ---------  --------  ----------  --------------  -------------------
/opt/airflow/dags/sales_pipeline_dag.py    486  0.01s             0          -1  0.03s           2026-03-10T17:19:47
================================================================================
[2026-03-10T17:20:17.664+0000] {manager.py:1016} ERROR - Processor for /opt/airflow/dags/sales_pipeline_dag.py exited with return code 1.
[2026-03-10T17:20:47.859+0000] {manager.py:878} INFO - 
================================================================================
DAG File Processing Stats

File Path                                  PID  Runtime      # DAGs    # Errors  Last Runtime    Last Run
---------------------------------------  -----  ---------  --------  ----------  --------------  -------------------
/opt/airflow/dags/sales_pipeline_dag.py    497  0.00s             0          -1  0.03s           2026-03-10T17:20:17
================================================================================
[2026-03-10T17:20:47.881+0000] {manager.py:1016} ERROR - Processor for /opt/airflow/dags/sales_pipeline_dag.py exited with return code 1.
[2026-03-10T17:21:18.050+0000] {manager.py:878} INFO - 
================================================================================
DAG File Processing Stats

File Path                                  PID  Runtime      # DAGs    # Errors  Last Runtime    Last Run
---------------------------------------  -----  ---------  --------  ----------  --------------  -------------------
/opt/airflow/dags/sales_pipeline_dag.py    508  0.00s             0          -1  0.03s           2026-03-10T17:20:47
================================================================================
[2026-03-10T17:21:18.074+0000] {manager.py:1016} ERROR - Processor for /opt/airflow/dags/sales_pipeline_dag.py exited with return code 1.
[2026-03-10T17:21:48.262+0000] {manager.py:878} INFO - 
================================================================================
DAG File Processing Stats

File Path                                  PID  Runtime      # DAGs    # Errors  Last Runtime    Last Run
---------------------------------------  -----  ---------  --------  ----------  --------------  -------------------
/opt/airflow/dags/sales_pipeline_dag.py    519  0.01s             0          -1  0.03s           2026-03-10T17:21:18
================================================================================
[2026-03-10T17:21:48.288+0000] {manager.py:1016} ERROR - Processor for /opt/airflow/dags/sales_pipeline_dag.py exited with return code 1.
[2026-03-10T17:22:18.507+0000] {manager.py:878} INFO - 
================================================================================
DAG File Processing Stats

File Path                                  PID  Runtime      # DAGs    # Errors  Last Runtime    Last Run
---------------------------------------  -----  ---------  --------  ----------  --------------  -------------------
/opt/airflow/dags/sales_pipeline_dag.py    594  0.01s             0          -1  0.04s           2026-03-10T17:21:48
================================================================================
[2026-03-10T17:22:18.540+0000] {manager.py:1016} ERROR - Processor for /opt/airflow/dags/sales_pipeline_dag.py exited with return code 1.
[2026-03-10T17:22:18.684+0000] {manager.py:452} INFO - Exiting gracefully upon receiving signal 15
